warning: source 'examples' is not a readable file or directory... skipping.
warning: source 'secure_lang_documented.hpp' is not a readable file or directory... skipping.
/home/spinoza/github/repos/aperture/secure_lang.cpp:10: warning: documented symbol 'void secure::Parser::skip_whitespace' was not declared or defined.
/home/spinoza/github/repos/aperture/secure_lang.cpp:16: warning: documented symbol 'bool secure::Parser::consume' was not declared or defined.
/home/spinoza/github/repos/aperture/secure_lang.cpp:25: warning: documented symbol 'std::expected< ValuePtr, Error > secure::Parser::parse' was not declared or defined.
/home/spinoza/github/repos/aperture/secure_lang.cpp:33: warning: documented symbol 'std::expected< ValuePtr, Error > secure::Parser::parse_value' was not declared or defined.
/home/spinoza/github/repos/aperture/secure_lang.cpp:47: warning: documented symbol 'std::expected< ValuePtr, Error > secure::Parser::parse_list' was not declared or defined.
/home/spinoza/github/repos/aperture/secure_lang.cpp:68: warning: documented symbol 'std::expected< ValuePtr, Error > secure::Parser::parse_atom' was not declared or defined.
/home/spinoza/github/repos/aperture/secure_lang.cpp:122: warning: documented symbol 'std::expected< double, Error > secure::Parser::parse_number' was not declared or defined.
/home/spinoza/github/repos/aperture/secure_lang.cpp:161: warning: documented symbol 'std::expected< std::string, Error > secure::Parser::parse_string' was not declared or defined.
/home/spinoza/github/repos/aperture/secure_lang.cpp:191: warning: documented symbol 'std::expected< std::string, Error > secure::Parser::parse_symbol' was not declared or defined.
/home/spinoza/github/repos/aperture/secure_lang.cpp:207: warning: documented symbol 'secure::Evaluator::Evaluator' was not declared or defined.
/home/spinoza/github/repos/aperture/secure_lang.cpp:220: warning: no uniquely matching class member found for 
  std::expected< ValuePtr, Error > secure::Evaluator::eval(ValuePtr expr, bool allow_holes)
Possible candidates:
  'Evaluator secure::test::PartialEvalTester::eval' at line 129 of file /home/spinoza/github/repos/aperture/test_framework.hpp
  'double aperture::Computation::eval()' at line 260 of file /home/spinoza/github/repos/aperture/fluent_api.hpp
/home/spinoza/github/repos/aperture/secure_lang.cpp:260: warning: documented symbol 'std::expected< ValuePtr, Error > secure::Evaluator::eval_list' was not declared or defined.
/home/spinoza/github/repos/aperture/secure_lang.cpp:372: warning: documented symbol 'std::expected< ValuePtr, Error > secure::Evaluator::eval_symbol' was not declared or defined.
/home/spinoza/github/repos/aperture/secure_lang.cpp:386: warning: documented symbol 'std::expected< ValuePtr, Error > secure::Evaluator::apply' was not declared or defined.
/home/spinoza/github/repos/aperture/secure_lang.cpp:426: warning: documented symbol 'std::expected< ValuePtr, Error > secure::Evaluator::builtin_add' was not declared or defined.
/home/spinoza/github/repos/aperture/secure_lang.cpp:459: warning: documented symbol 'std::expected< ValuePtr, Error > secure::Evaluator::builtin_mul' was not declared or defined.
/home/spinoza/github/repos/aperture/secure_lang.cpp:495: warning: documented symbol 'std::expected< ValuePtr, Error > secure::Evaluator::builtin_sub' was not declared or defined.
/home/spinoza/github/repos/aperture/secure_lang.cpp:516: warning: documented symbol 'std::expected< ValuePtr, Error > secure::Evaluator::builtin_div' was not declared or defined.
/home/spinoza/github/repos/aperture/secure_lang.cpp:541: warning: documented symbol 'ValuePtr secure::Evaluator::lookup' was not declared or defined.
/home/spinoza/github/repos/aperture/secure_lang.cpp:559: warning: documented symbol 'void secure::Evaluator::bind' was not declared or defined.
/home/spinoza/github/repos/aperture/secure_lang.cpp:563: warning: no matching class member found for 
  std::expected< ValuePtr, Error > secure::Evaluator::partial_eval(ValuePtr expr)
Possible candidates:
  'Expr aperture::Computation::partial_eval()' at line 283 of file /home/spinoza/github/repos/aperture/fluent_api.hpp
/home/spinoza/github/repos/aperture/secure_lang.cpp:577: warning: documented symbol 'std::expected< ValuePtr, Error > secure::Evaluator::fill_holes' was not declared or defined.
/home/spinoza/github/repos/aperture/secure_lang.cpp:616: warning: documented symbol 'std::vector< std::string > secure::Evaluator::find_holes' was not declared or defined.
/home/spinoza/github/repos/aperture/docs/DESIGN.md:4: warning: unable to resolve reference to 'overview' for \ref command
/home/spinoza/github/repos/aperture/docs/DESIGN.md:5: warning: unable to resolve reference to 'language-fundamentals' for \ref command
/home/spinoza/github/repos/aperture/docs/DESIGN.md:6: warning: unable to resolve reference to 'special-forms' for \ref command
/home/spinoza/github/repos/aperture/docs/DESIGN.md:7: warning: unable to resolve reference to 'built-in-functions-prelude' for \ref command
/home/spinoza/github/repos/aperture/docs/DESIGN.md:8: warning: unable to resolve reference to 'apertures-and-holes' for \ref command
/home/spinoza/github/repos/aperture/docs/DESIGN.md:9: warning: unable to resolve reference to 'fluent-c-api' for \ref command
/home/spinoza/github/repos/aperture/docs/DESIGN.md:10: warning: unable to resolve reference to 'security-model' for \ref command
/home/spinoza/github/repos/aperture/docs/DESIGN.md:11: warning: unable to resolve reference to 'implementation-details' for \ref command
/home/spinoza/github/repos/aperture/docs/DESIGN.md:4: warning: unable to resolve reference to 'overview' for \ref command
/home/spinoza/github/repos/aperture/docs/DESIGN.md:5: warning: unable to resolve reference to 'language-fundamentals' for \ref command
/home/spinoza/github/repos/aperture/docs/DESIGN.md:6: warning: unable to resolve reference to 'special-forms' for \ref command
/home/spinoza/github/repos/aperture/docs/DESIGN.md:7: warning: unable to resolve reference to 'built-in-functions-prelude' for \ref command
/home/spinoza/github/repos/aperture/docs/DESIGN.md:8: warning: unable to resolve reference to 'apertures-and-holes' for \ref command
/home/spinoza/github/repos/aperture/docs/DESIGN.md:9: warning: unable to resolve reference to 'fluent-c-api' for \ref command
/home/spinoza/github/repos/aperture/docs/DESIGN.md:10: warning: unable to resolve reference to 'security-model' for \ref command
/home/spinoza/github/repos/aperture/docs/DESIGN.md:11: warning: unable to resolve reference to 'implementation-details' for \ref command
