This is pdfTeX, Version 3.141592653-2.6-1.40.25 (TeX Live 2023/Debian) (preloaded format=pdflatex)
 restricted \write18 enabled.
entering extended mode
(./aperture.tex
LaTeX2e <2023-11-01> patch level 1
L3 programming layer <2024-01-22>
(/usr/share/texlive/texmf-dist/tex/latex/base/article.cls
Document Class: article 2023/05/17 v1.4n Standard LaTeX document class
(/usr/share/texlive/texmf-dist/tex/latex/base/size11.clo))
(/usr/share/texlive/texmf-dist/tex/latex/geometry/geometry.sty
(/usr/share/texlive/texmf-dist/tex/latex/graphics/keyval.sty)
(/usr/share/texlive/texmf-dist/tex/generic/iftex/ifvtex.sty
(/usr/share/texlive/texmf-dist/tex/generic/iftex/iftex.sty)))
(/usr/share/texlive/texmf-dist/tex/latex/amsmath/amsmath.sty
For additional information on amsmath, use the `?' option.
(/usr/share/texlive/texmf-dist/tex/latex/amsmath/amstext.sty
(/usr/share/texlive/texmf-dist/tex/latex/amsmath/amsgen.sty))
(/usr/share/texlive/texmf-dist/tex/latex/amsmath/amsbsy.sty)
(/usr/share/texlive/texmf-dist/tex/latex/amsmath/amsopn.sty))
(/usr/share/texlive/texmf-dist/tex/latex/amsfonts/amssymb.sty
(/usr/share/texlive/texmf-dist/tex/latex/amsfonts/amsfonts.sty))
(/usr/share/texlive/texmf-dist/tex/latex/amscls/amsthm.sty)
(/usr/share/texlive/texmf-dist/tex/latex/listings/listings.sty
(/usr/share/texlive/texmf-dist/tex/latex/listings/lstmisc.sty)
(/usr/share/texlive/texmf-dist/tex/latex/listings/listings.cfg))
(/usr/share/texlive/texmf-dist/tex/latex/algorithms/algorithm.sty
(/usr/share/texlive/texmf-dist/tex/latex/float/float.sty)
(/usr/share/texlive/texmf-dist/tex/latex/base/ifthen.sty))
(/usr/share/texlive/texmf-dist/tex/latex/algorithms/algorithmic.sty)
(/usr/share/texlive/texmf-dist/tex/latex/pgf/frontendlayer/tikz.sty
(/usr/share/texlive/texmf-dist/tex/latex/pgf/basiclayer/pgf.sty
(/usr/share/texlive/texmf-dist/tex/latex/pgf/utilities/pgfrcs.sty
(/usr/share/texlive/texmf-dist/tex/generic/pgf/utilities/pgfutil-common.tex)
(/usr/share/texlive/texmf-dist/tex/generic/pgf/utilities/pgfutil-latex.def)
(/usr/share/texlive/texmf-dist/tex/generic/pgf/utilities/pgfrcs.code.tex
(/usr/share/texlive/texmf-dist/tex/generic/pgf/pgf.revision.tex)))
(/usr/share/texlive/texmf-dist/tex/latex/pgf/basiclayer/pgfcore.sty
(/usr/share/texlive/texmf-dist/tex/latex/graphics/graphicx.sty
(/usr/share/texlive/texmf-dist/tex/latex/graphics/graphics.sty
(/usr/share/texlive/texmf-dist/tex/latex/graphics/trig.sty)
(/usr/share/texlive/texmf-dist/tex/latex/graphics-cfg/graphics.cfg)
(/usr/share/texlive/texmf-dist/tex/latex/graphics-def/pdftex.def)))
(/usr/share/texlive/texmf-dist/tex/latex/pgf/systemlayer/pgfsys.sty
(/usr/share/texlive/texmf-dist/tex/generic/pgf/systemlayer/pgfsys.code.tex
(/usr/share/texlive/texmf-dist/tex/generic/pgf/utilities/pgfkeys.code.tex
(/usr/share/texlive/texmf-dist/tex/generic/pgf/utilities/pgfkeyslibraryfiltered
.code.tex)) (/usr/share/texlive/texmf-dist/tex/generic/pgf/systemlayer/pgf.cfg)
(/usr/share/texlive/texmf-dist/tex/generic/pgf/systemlayer/pgfsys-pdftex.def
(/usr/share/texlive/texmf-dist/tex/generic/pgf/systemlayer/pgfsys-common-pdf.de
f)))
(/usr/share/texlive/texmf-dist/tex/generic/pgf/systemlayer/pgfsyssoftpath.code.
tex)
(/usr/share/texlive/texmf-dist/tex/generic/pgf/systemlayer/pgfsysprotocol.code.
tex)) (/usr/share/texlive/texmf-dist/tex/latex/xcolor/xcolor.sty
(/usr/share/texlive/texmf-dist/tex/latex/graphics-cfg/color.cfg)
(/usr/share/texlive/texmf-dist/tex/latex/graphics/mathcolor.ltx))
(/usr/share/texlive/texmf-dist/tex/generic/pgf/basiclayer/pgfcore.code.tex
(/usr/share/texlive/texmf-dist/tex/generic/pgf/math/pgfmath.code.tex
(/usr/share/texlive/texmf-dist/tex/generic/pgf/math/pgfmathutil.code.tex)
(/usr/share/texlive/texmf-dist/tex/generic/pgf/math/pgfmathparser.code.tex)
(/usr/share/texlive/texmf-dist/tex/generic/pgf/math/pgfmathfunctions.code.tex)
(/usr/share/texlive/texmf-dist/tex/generic/pgf/math/pgfmathfunctions.basic.code
.tex)
(/usr/share/texlive/texmf-dist/tex/generic/pgf/math/pgfmathfunctions.trigonomet
ric.code.tex)
(/usr/share/texlive/texmf-dist/tex/generic/pgf/math/pgfmathfunctions.random.cod
e.tex)
(/usr/share/texlive/texmf-dist/tex/generic/pgf/math/pgfmathfunctions.comparison
.code.tex)
(/usr/share/texlive/texmf-dist/tex/generic/pgf/math/pgfmathfunctions.base.code.
tex)
(/usr/share/texlive/texmf-dist/tex/generic/pgf/math/pgfmathfunctions.round.code
.tex)
(/usr/share/texlive/texmf-dist/tex/generic/pgf/math/pgfmathfunctions.misc.code.
tex)
(/usr/share/texlive/texmf-dist/tex/generic/pgf/math/pgfmathfunctions.integerari
thmetics.code.tex)
(/usr/share/texlive/texmf-dist/tex/generic/pgf/math/pgfmathcalc.code.tex)
(/usr/share/texlive/texmf-dist/tex/generic/pgf/math/pgfmathfloat.code.tex))
(/usr/share/texlive/texmf-dist/tex/generic/pgf/math/pgfint.code.tex)
(/usr/share/texlive/texmf-dist/tex/generic/pgf/basiclayer/pgfcorepoints.code.te
x)
(/usr/share/texlive/texmf-dist/tex/generic/pgf/basiclayer/pgfcorepathconstruct.
code.tex)
(/usr/share/texlive/texmf-dist/tex/generic/pgf/basiclayer/pgfcorepathusage.code
.tex)
(/usr/share/texlive/texmf-dist/tex/generic/pgf/basiclayer/pgfcorescopes.code.te
x)
(/usr/share/texlive/texmf-dist/tex/generic/pgf/basiclayer/pgfcoregraphicstate.c
ode.tex)
(/usr/share/texlive/texmf-dist/tex/generic/pgf/basiclayer/pgfcoretransformation
s.code.tex)
(/usr/share/texlive/texmf-dist/tex/generic/pgf/basiclayer/pgfcorequick.code.tex
)
(/usr/share/texlive/texmf-dist/tex/generic/pgf/basiclayer/pgfcoreobjects.code.t
ex)
(/usr/share/texlive/texmf-dist/tex/generic/pgf/basiclayer/pgfcorepathprocessing
.code.tex)
(/usr/share/texlive/texmf-dist/tex/generic/pgf/basiclayer/pgfcorearrows.code.te
x)
(/usr/share/texlive/texmf-dist/tex/generic/pgf/basiclayer/pgfcoreshade.code.tex
)
(/usr/share/texlive/texmf-dist/tex/generic/pgf/basiclayer/pgfcoreimage.code.tex
)
(/usr/share/texlive/texmf-dist/tex/generic/pgf/basiclayer/pgfcoreexternal.code.
tex)
(/usr/share/texlive/texmf-dist/tex/generic/pgf/basiclayer/pgfcorelayers.code.te
x)
(/usr/share/texlive/texmf-dist/tex/generic/pgf/basiclayer/pgfcoretransparency.c
ode.tex)
(/usr/share/texlive/texmf-dist/tex/generic/pgf/basiclayer/pgfcorepatterns.code.
tex)
(/usr/share/texlive/texmf-dist/tex/generic/pgf/basiclayer/pgfcorerdf.code.tex))
)
(/usr/share/texlive/texmf-dist/tex/generic/pgf/modules/pgfmoduleshapes.code.tex
) (/usr/share/texlive/texmf-dist/tex/generic/pgf/modules/pgfmoduleplot.code.tex
)
(/usr/share/texlive/texmf-dist/tex/latex/pgf/compatibility/pgfcomp-version-0-65
.sty)
(/usr/share/texlive/texmf-dist/tex/latex/pgf/compatibility/pgfcomp-version-1-18
.sty)) (/usr/share/texlive/texmf-dist/tex/latex/pgf/utilities/pgffor.sty
(/usr/share/texlive/texmf-dist/tex/latex/pgf/utilities/pgfkeys.sty
(/usr/share/texlive/texmf-dist/tex/generic/pgf/utilities/pgfkeys.code.tex))
(/usr/share/texlive/texmf-dist/tex/latex/pgf/math/pgfmath.sty
(/usr/share/texlive/texmf-dist/tex/generic/pgf/math/pgfmath.code.tex))
(/usr/share/texlive/texmf-dist/tex/generic/pgf/utilities/pgffor.code.tex))
(/usr/share/texlive/texmf-dist/tex/generic/pgf/frontendlayer/tikz/tikz.code.tex

(/usr/share/texlive/texmf-dist/tex/generic/pgf/libraries/pgflibraryplothandlers
.code.tex)
(/usr/share/texlive/texmf-dist/tex/generic/pgf/modules/pgfmodulematrix.code.tex
)
(/usr/share/texlive/texmf-dist/tex/generic/pgf/frontendlayer/tikz/libraries/tik
zlibrarytopaths.code.tex)))
(/usr/share/texlive/texmf-dist/tex/latex/pgfplots/pgfplots.sty
(/usr/share/texlive/texmf-dist/tex/generic/pgfplots/pgfplots.revision.tex)
(/usr/share/texlive/texmf-dist/tex/generic/pgfplots/pgfplots.code.tex
(/usr/share/texlive/texmf-dist/tex/generic/pgfplots/pgfplotscore.code.tex
(/usr/share/texlive/texmf-dist/tex/generic/pgfplots/sys/pgfplotssysgeneric.code
.tex))
(/usr/share/texlive/texmf-dist/tex/generic/pgfplots/libs/pgfplotslibrary.code.t
ex)
(/usr/share/texlive/texmf-dist/tex/generic/pgfplots/oldpgfcompatib/pgfplotsoldp
gfsupp_loader.code.tex
(/usr/share/texlive/texmf-dist/tex/generic/pgf/libraries/pgflibraryfpu.code.tex
)
Package pgfplots: loading complementary utilities for your pgf version...

(/usr/share/texlive/texmf-dist/tex/generic/pgfplots/oldpgfcompatib/pgfplotsoldp
gfsupp_pgfutil-common-lists.tex))
(/usr/share/texlive/texmf-dist/tex/generic/pgfplots/util/pgfplotsutil.code.tex
(/usr/share/texlive/texmf-dist/tex/generic/pgfplots/liststructure/pgfplotslists
tructure.code.tex)
(/usr/share/texlive/texmf-dist/tex/generic/pgfplots/liststructure/pgfplotslists
tructureext.code.tex)
(/usr/share/texlive/texmf-dist/tex/generic/pgfplots/liststructure/pgfplotsarray
.code.tex)
(/usr/share/texlive/texmf-dist/tex/generic/pgfplots/liststructure/pgfplotsmatri
x.code.tex)
(/usr/share/texlive/texmf-dist/tex/generic/pgfplots/numtable/pgfplotstableshare
d.code.tex)
(/usr/share/texlive/texmf-dist/tex/generic/pgfplots/liststructure/pgfplotsdeque
.code.tex)
(/usr/share/texlive/texmf-dist/tex/generic/pgfplots/util/pgfplotsbinary.code.te
x
(/usr/share/texlive/texmf-dist/tex/generic/pgfplots/util/pgfplotsbinary.data.co
de.tex))
(/usr/share/texlive/texmf-dist/tex/generic/pgfplots/util/pgfplotsutil.verb.code
.tex)
(/usr/share/texlive/texmf-dist/tex/generic/pgfplots/libs/pgflibrarypgfplots.sur
fshading.code.tex
(/usr/share/texlive/texmf-dist/tex/generic/pgfplots/sys/pgflibrarypgfplots.surf
shading.pgfsys-pdftex.def)))
(/usr/share/texlive/texmf-dist/tex/generic/pgfplots/util/pgfplotscolormap.code.
tex
(/usr/share/texlive/texmf-dist/tex/generic/pgfplots/util/pgfplotscolor.code.tex
))
(/usr/share/texlive/texmf-dist/tex/generic/pgfplots/pgfplotsstackedplots.code.t
ex)
(/usr/share/texlive/texmf-dist/tex/generic/pgfplots/pgfplotsplothandlers.code.t
ex
(/usr/share/texlive/texmf-dist/tex/generic/pgfplots/pgfplotsmeshplothandler.cod
e.tex
(/usr/share/texlive/texmf-dist/tex/generic/pgfplots/pgfplotsmeshplotimage.code.
tex)))
(/usr/share/texlive/texmf-dist/tex/generic/pgfplots/pgfplots.scaling.code.tex)
(/usr/share/texlive/texmf-dist/tex/generic/pgfplots/pgfplotscoordprocessing.cod
e.tex)
(/usr/share/texlive/texmf-dist/tex/generic/pgfplots/pgfplots.errorbars.code.tex
) (/usr/share/texlive/texmf-dist/tex/generic/pgfplots/pgfplots.markers.code.tex
) (/usr/share/texlive/texmf-dist/tex/generic/pgfplots/pgfplotsticks.code.tex)
(/usr/share/texlive/texmf-dist/tex/generic/pgfplots/pgfplots.paths.code.tex)
(/usr/share/texlive/texmf-dist/tex/generic/pgf/frontendlayer/tikz/libraries/tik
zlibrarydecorations.code.tex
(/usr/share/texlive/texmf-dist/tex/generic/pgf/modules/pgfmoduledecorations.cod
e.tex))
(/usr/share/texlive/texmf-dist/tex/generic/pgf/frontendlayer/tikz/libraries/tik
zlibrarydecorations.pathmorphing.code.tex
(/usr/share/texlive/texmf-dist/tex/generic/pgf/libraries/decorations/pgflibrary
decorations.pathmorphing.code.tex))
(/usr/share/texlive/texmf-dist/tex/generic/pgf/frontendlayer/tikz/libraries/tik
zlibrarydecorations.pathreplacing.code.tex
(/usr/share/texlive/texmf-dist/tex/generic/pgf/libraries/decorations/pgflibrary
decorations.pathreplacing.code.tex))
(/usr/share/texlive/texmf-dist/tex/generic/pgfplots/libs/tikzlibrarypgfplots.co
ntourlua.code.tex))
(/usr/share/texlive/texmf-dist/tex/generic/pgf/frontendlayer/tikz/libraries/tik
zlibraryplotmarks.code.tex
(/usr/share/texlive/texmf-dist/tex/generic/pgf/libraries/pgflibraryplotmarks.co
de.tex))) (/usr/share/texlive/texmf-dist/tex/latex/caption/subcaption.sty
(/usr/share/texlive/texmf-dist/tex/latex/caption/caption.sty
(/usr/share/texlive/texmf-dist/tex/latex/caption/caption3.sty)))
(/usr/share/texlive/texmf-dist/tex/latex/booktabs/booktabs.sty)
(/usr/share/texlive/texmf-dist/tex/latex/url/url.sty)
(/usr/share/texlive/texmf-dist/tex/latex/hyperref/hyperref.sty
(/usr/share/texlive/texmf-dist/tex/latex/kvsetkeys/kvsetkeys.sty)
(/usr/share/texlive/texmf-dist/tex/generic/kvdefinekeys/kvdefinekeys.sty)
(/usr/share/texlive/texmf-dist/tex/generic/pdfescape/pdfescape.sty
(/usr/share/texlive/texmf-dist/tex/generic/ltxcmds/ltxcmds.sty)
(/usr/share/texlive/texmf-dist/tex/generic/pdftexcmds/pdftexcmds.sty
(/usr/share/texlive/texmf-dist/tex/generic/infwarerr/infwarerr.sty)))
(/usr/share/texlive/texmf-dist/tex/latex/hycolor/hycolor.sty)
(/usr/share/texlive/texmf-dist/tex/latex/auxhook/auxhook.sty)
(/usr/share/texlive/texmf-dist/tex/latex/hyperref/nameref.sty
(/usr/share/texlive/texmf-dist/tex/latex/refcount/refcount.sty)
(/usr/share/texlive/texmf-dist/tex/generic/gettitlestring/gettitlestring.sty
(/usr/share/texlive/texmf-dist/tex/latex/kvoptions/kvoptions.sty)))
(/usr/share/texlive/texmf-dist/tex/latex/etoolbox/etoolbox.sty)
(/usr/share/texlive/texmf-dist/tex/latex/hyperref/pd1enc.def)
(/usr/share/texlive/texmf-dist/tex/generic/intcalc/intcalc.sty)
(/usr/share/texlive/texmf-dist/tex/latex/hyperref/puenc.def)
(/usr/share/texlive/texmf-dist/tex/generic/bitset/bitset.sty
(/usr/share/texlive/texmf-dist/tex/generic/bigintcalc/bigintcalc.sty))
(/usr/share/texlive/texmf-dist/tex/latex/base/atbegshi-ltx.sty))
(/usr/share/texlive/texmf-dist/tex/latex/hyperref/hpdftex.def
(/usr/share/texlive/texmf-dist/tex/latex/base/atveryend-ltx.sty)
(/usr/share/texlive/texmf-dist/tex/latex/rerunfilecheck/rerunfilecheck.sty
(/usr/share/texlive/texmf-dist/tex/generic/uniquecounter/uniquecounter.sty)))
(/usr/share/texlive/texmf-dist/tex/latex/l3backend/l3backend-pdftex.def)
(./aperture.aux)
*geometry* driver: auto-detecting
*geometry* detected driver: pdftex
(/usr/share/texlive/texmf-dist/tex/context/base/mkii/supp-pdf.mkii
[Loading MPS to PDF converter (version 2006.09.02).]
) (/usr/share/texlive/texmf-dist/tex/latex/epstopdf-pkg/epstopdf-base.sty
(/usr/share/texlive/texmf-dist/tex/latex/latexconfig/epstopdf-sys.cfg))

Package pgfplots Warning: running in backwards compatibility mode (unsuitable t
ick labels; missing features). Consider writing \pgfplotsset{compat=1.18} into 
your preamble.
 on input line 50.

(./aperture.out) (./aperture.out)
Underfull \hbox (badness 3375) in paragraph at lines 61--62
\OT1/cmr/m/n/10.95 We in-tro-duce \OT1/cmr/m/it/10.95 aper-tures\OT1/cmr/m/n/10
.95 , a novel pro-gram-

Underfull \hbox (badness 4479) in paragraph at lines 61--62
\OT1/cmr/m/n/10.95 preserving dis-tributed com-pu-ta-tion through

Underfull \hbox (badness 2662) in paragraph at lines 61--62
\OT1/cmr/m/n/10.95 struc-tural sep-a-ra-tion of sen-si-tive and non-

Underfull \hbox (badness 1102) in paragraph at lines 63--64
\OT1/cmr/m/n/10.95 across privacy-preserving an-a-lyt-ics, fed-er-ated

Underfull \hbox (badness 1237) in paragraph at lines 69--70
\OT1/cmr/bx/n/10.95 Keywords: \OT1/cmr/m/n/10.95 privacy-preserving com-pu-ta-t
ion,
[1{/var/lib/texmf/fonts/map/pdftex/updmap/pdftex.map}{/usr/share/texmf/fonts/en
c/dvips/cm-super/cm-super-ts1.enc}]
(/usr/share/texlive/texmf-dist/tex/latex/amsfonts/umsa.fd)
(/usr/share/texlive/texmf-dist/tex/latex/amsfonts/umsb.fd)

LaTeX Warning: Citation `gentry2009fully' on page 2 undefined on input line 77.



LaTeX Warning: Citation `yao1982protocols' on page 2 undefined on input line 77
.


LaTeX Warning: Citation `costan2016intel' on page 2 undefined on input line 77.



Underfull \hbox (badness 2662) in paragraph at lines 77--78
[]\OT1/cmr/m/n/10.95 Cryptographic ap-proaches, ex-em-pli-fied by

Underfull \hbox (badness 1033) in paragraph at lines 79--80
[]\OT1/cmr/m/n/10.95 We pro-pose a fun-da-men-tally dif-fer-ent ap-

Underfull \vbox (badness 3590) has occurred while \output is active [2]
Underfull \hbox (badness 2626) in paragraph at lines 107--108
[]\OT1/cmr/bx/n/10.95 Computation Depth Anal-y-sis\OT1/cmr/m/n/10.95 : We

Underfull \hbox (badness 10000) in paragraph at lines 116--116
[]\OT1/cmr/bx/n/14.4 Background and Re-lated

LaTeX Warning: Citation `jones1993partial' on page 3 undefined on input line 12
0.


LaTeX Warning: Citation `nielson1992two' on page 3 undefined on input line 122.



Underfull \hbox (badness 3724) in paragraph at lines 122--123
[]\OT1/cmr/m/n/10.95 The re-la-tion-ship be-tween our work and

LaTeX Warning: Citation `sabelfeld2003language' on page 3 undefined on input li
ne 126.


LaTeX Warning: Citation `volpano1996sound' on page 3 undefined on input line 12
6.


Underfull \hbox (badness 1748) in paragraph at lines 126--127
\OT1/cmr/m/n/10.95 Language-based in-for-ma-tion flow con-trol [[]]

LaTeX Warning: Citation `austin2009efficient' on page 3 undefined on input line
 128.


LaTeX Warning: Citation `gentry2009fully' on page 3 undefined on input line 132
.


LaTeX Warning: Citation `cheon2017homomorphic' on page 3 undefined on input lin
e 132.


LaTeX Warning: Citation `goldreich1987play' on page 3 undefined on input line 1
34.


LaTeX Warning: Citation `king1976symbolic' on page 3 undefined on input line 13
8.

[3]
Overfull \hbox (6.55763pt too wide) detected at line 165
[]
! Undefined control sequence.
<recently read> \llbracket 
                           
l.174 ...thcal{V}$, partial evaluation $\llbracket
                                                   e \rrbracket_\rho$ produc...

! Undefined control sequence.
l.174 ...rtial evaluation $\llbracket e \rrbracket
                                                  _\rho$ produces a residual...

! Undefined control sequence.
<argument>  \llbracket 
                       v \rrbracket _\rho &= v \\ \llbracket x \rrbracket _\...
l.187 \end{align}
                 
! Undefined control sequence.
<argument>  \llbracket v \rrbracket 
                                    _\rho &= v \\ \llbracket x \rrbracket _\...
l.187 \end{align}
                 
! Undefined control sequence.
<argument> ...\rrbracket _\rho &= v \\ \llbracket 
                                                  x \rrbracket _\rho &= \beg...
l.187 \end{align}
                 
! Undefined control sequence.
<argument> ...rho &= v \\ \llbracket x \rrbracket 
                                                  _\rho &= \begin {cases} \r...
l.187 \end{align}
                 
! Undefined control sequence.
<argument> ...herwise} \end {cases} \\ \llbracket 
                                                  ?h \rrbracket _\rho &= ?h ...
l.187 \end{align}
                 
! Undefined control sequence.
<argument> ...{cases} \\ \llbracket ?h \rrbracket 
                                                  _\rho &= ?h \\ \llbracket ...
l.187 \end{align}
                 
! Undefined control sequence.
<argument> ...rrbracket _\rho &= ?h \\ \llbracket 
                                                  e_1 \, e_2 \rrbracket _\rh...
l.187 \end{align}
                 
! Undefined control sequence.
<argument> ...\\ \llbracket e_1 \, e_2 \rrbracket 
                                                  _\rho &= \begin {cases} \l...
l.187 \end{align}
                 
! Double subscript.
<argument> ...\ \llbracket e_1 \, e_2 \rrbracket _
                                                  \rho &= \begin {cases} \ll...
l.187 \end{align}
                 
! Undefined control sequence.
<argument> ... _\rho &= \begin {cases} \llbracket 
                                                  e'[x \mapsto v_2] \rrbrack...
l.187 \end{align}
                 
! Undefined control sequence.
<argument> ...racket e'[x \mapsto v_2] \rrbracket 
                                                  _\rho & \text {if } \llbra...
l.187 \end{align}
                 
! Undefined control sequence.
<argument> ...cket _\rho & \text {if } \llbracket 
                                                  e_1 \rrbracket _\rho = \la...
l.187 \end{align}
                 
! Undefined control sequence.
<argument> ...ext {if } \llbracket e_1 \rrbracket 
                                                  _\rho = \lambda x.e' \land...
l.187 \end{align}
                 
! Double subscript.
<argument> ...xt {if } \llbracket e_1 \rrbracket _
                                                  \rho = \lambda x.e' \land ...
l.187 \end{align}
                 
! Undefined control sequence.
<argument> ...rho = \lambda x.e' \land \llbracket 
                                                  e_2 \rrbracket _\rho = v_2...
l.187 \end{align}
                 
! Undefined control sequence.
<argument> ....e' \land \llbracket e_2 \rrbracket 
                                                  _\rho = v_2 \\ \llbracket ...
l.187 \end{align}
                 
! Double subscript.
<argument> ...e' \land \llbracket e_2 \rrbracket _
                                                  \rho = v_2 \\ \llbracket e...
l.187 \end{align}
                 
! Undefined control sequence.
<argument> ...rrbracket _\rho = v_2 \\ \llbracket 
                                                  e_1 \rrbracket _\rho \, \l...
l.187 \end{align}
                 
! Undefined control sequence.
<argument> ... = v_2 \\ \llbracket e_1 \rrbracket 
                                                  _\rho \, \llbracket e_2 \r...
l.187 \end{align}
                 
! Double subscript.
<argument> ...= v_2 \\ \llbracket e_1 \rrbracket _
                                                  \rho \, \llbracket e_2 \rr...
l.187 \end{align}
                 
! Undefined control sequence.
<argument> ... e_1 \rrbracket _\rho \, \llbracket 
                                                  e_2 \rrbracket _\rho & \te...
l.187 \end{align}
                 
! Undefined control sequence.
<argument> ... _\rho \, \llbracket e_2 \rrbracket 
                                                  _\rho & \text {otherwise} ...
l.187 \end{align}
                 
! Double subscript.
<argument> ..._\rho \, \llbracket e_2 \rrbracket _
                                                  \rho & \text {otherwise} \...
l.187 \end{align}
                 
! Undefined control sequence.
<argument>  \llbracket 
                       v \rrbracket _\rho &= v \\ \llbracket x \rrbracket _\...
l.187 \end{align}
                 
! Undefined control sequence.
<argument>  \llbracket v \rrbracket 
                                    _\rho &= v \\ \llbracket x \rrbracket _\...
l.187 \end{align}
                 
! Undefined control sequence.
<argument> ...\rrbracket _\rho &= v \\ \llbracket 
                                                  x \rrbracket _\rho &= \beg...
l.187 \end{align}
                 
! Undefined control sequence.
<argument> ...rho &= v \\ \llbracket x \rrbracket 
                                                  _\rho &= \begin {cases} \r...
l.187 \end{align}
                 
! Undefined control sequence.
<argument> ...herwise} \end {cases} \\ \llbracket 
                                                  ?h \rrbracket _\rho &= ?h ...
l.187 \end{align}
                 
! Undefined control sequence.
<argument> ...{cases} \\ \llbracket ?h \rrbracket 
                                                  _\rho &= ?h \\ \llbracket ...
l.187 \end{align}
                 
! Undefined control sequence.
<argument> ...rrbracket _\rho &= ?h \\ \llbracket 
                                                  e_1 \, e_2 \rrbracket _\rh...
l.187 \end{align}
                 
! Undefined control sequence.
<argument> ...\\ \llbracket e_1 \, e_2 \rrbracket 
                                                  _\rho &= \begin {cases} \l...
l.187 \end{align}
                 
! Double subscript.
<argument> ...\ \llbracket e_1 \, e_2 \rrbracket _
                                                  \rho &= \begin {cases} \ll...
l.187 \end{align}
                 
! Undefined control sequence.
<argument> ... _\rho &= \begin {cases} \llbracket 
                                                  e'[x \mapsto v_2] \rrbrack...
l.187 \end{align}
                 
! Undefined control sequence.
<argument> ...racket e'[x \mapsto v_2] \rrbracket 
                                                  _\rho & \text {if } \llbra...
l.187 \end{align}
                 
! Undefined control sequence.
<argument> ...cket _\rho & \text {if } \llbracket 
                                                  e_1 \rrbracket _\rho = \la...
l.187 \end{align}
                 
! Undefined control sequence.
<argument> ...ext {if } \llbracket e_1 \rrbracket 
                                                  _\rho = \lambda x.e' \land...
l.187 \end{align}
                 
! Double subscript.
<argument> ...xt {if } \llbracket e_1 \rrbracket _
                                                  \rho = \lambda x.e' \land ...
l.187 \end{align}
                 
! Undefined control sequence.
<argument> ...rho = \lambda x.e' \land \llbracket 
                                                  e_2 \rrbracket _\rho = v_2...
l.187 \end{align}
                 
! Undefined control sequence.
<argument> ....e' \land \llbracket e_2 \rrbracket 
                                                  _\rho = v_2 \\ \llbracket ...
l.187 \end{align}
                 
! Double subscript.
<argument> ...e' \land \llbracket e_2 \rrbracket _
                                                  \rho = v_2 \\ \llbracket e...
l.187 \end{align}
                 
! Undefined control sequence.
<argument> ...rrbracket _\rho = v_2 \\ \llbracket 
                                                  e_1 \rrbracket _\rho \, \l...
l.187 \end{align}
                 
! Undefined control sequence.
<argument> ... = v_2 \\ \llbracket e_1 \rrbracket 
                                                  _\rho \, \llbracket e_2 \r...
l.187 \end{align}
                 
! Double subscript.
<argument> ...= v_2 \\ \llbracket e_1 \rrbracket _
                                                  \rho \, \llbracket e_2 \rr...
l.187 \end{align}
                 
! Undefined control sequence.
<argument> ... e_1 \rrbracket _\rho \, \llbracket 
                                                  e_2 \rrbracket _\rho & \te...
l.187 \end{align}
                 
! Undefined control sequence.
<argument> ... _\rho \, \llbracket e_2 \rrbracket 
                                                  _\rho & \text {otherwise} ...
l.187 \end{align}
                 
! Double subscript.
<argument> ..._\rho \, \llbracket e_2 \rrbracket _
                                                  \rho & \text {otherwise} \...
l.187 \end{align}
                 

LaTeX Warning: Citation `reynolds1972definitional' on page 4 undefined on input
 line 192.


LaTeX Warning: Citation `friedman1976control' on page 4 undefined on input line
 192.

[4]
Underfull \hbox (badness 1158) in paragraph at lines 236--237
[]\OT1/cmr/bx/n/10.95 Incremental Progress: \OT1/cmr/m/n/10.95 Each eval-u-a-ti
on
! Undefined control sequence.
l.250 $$\llbracket
                   e[?h \mapsto v_1] \rrbracket_\rho \equiv_\alpha \llbracke...

! Undefined control sequence.
l.250 $$\llbracket e[?h \mapsto v_1] \rrbracket
                                               _\rho \equiv_\alpha \llbracke...

! Undefined control sequence.
l.250 ... \rrbracket_\rho \equiv_\alpha \llbracket
                                                   e[?h \mapsto v_2] \rrbrac...

! Undefined control sequence.
l.250 ...a \llbracket e[?h \mapsto v_2] \rrbracket
                                                  _\rho$$
! Undefined control sequence.
l.256 $$\llbracket
                   \llbracket e \rrbracket_{\rho_1}[?h \mapsto v] \rrbracket...

! Undefined control sequence.
l.256 $$\llbracket \llbracket
                              e \rrbracket_{\rho_1}[?h \mapsto v] \rrbracket...

! Undefined control sequence.
l.256 $$\llbracket \llbracket e \rrbracket
                                          _{\rho_1}[?h \mapsto v] \rrbracket...

! Undefined control sequence.
l.256 ...bracket_{\rho_1}[?h \mapsto v] \rrbracket
                                                  _{\rho_2} = \llbracket e[?...

! Undefined control sequence.
l.256 ...apsto v] \rrbracket_{\rho_2} = \llbracket
                                                   e[?h \mapsto v] \rrbracke...

! Undefined control sequence.
l.256 ...} = \llbracket e[?h \mapsto v] \rrbracket
                                                  _{\rho_1 \cup \rho_2}$$

Underfull \hbox (badness 5504) in paragraph at lines 260--261
[][]\OT1/cmr/bx/n/10.95 Property 8 \OT1/cmr/m/n/10.95 (Com-pu-ta-tion Mono-toni
c-ity)\OT1/cmr/bx/n/10.95 .

Underfull \hbox (badness 1715) in paragraph at lines 260--261
[]\OT1/cmr/m/it/10.95 Par-tial eval-u-a-tion never loses com-pu-ta-tional
! Undefined control sequence.
l.261 $$\text{depth}(\llbracket
                                e \rrbracket_\rho) \leq \text{depth}(e)$$
! Undefined control sequence.
l.261 $$\text{depth}(\llbracket e \rrbracket
                                            _\rho) \leq \text{depth}(e)$$

Underfull \hbox (badness 10000) in paragraph at lines 265--265
[]\OT1/cmr/bx/n/14.4 Maximizing Com-pu-ta-tion

Underfull \hbox (badness 10000) in paragraph at lines 305--306
[]\OT1/cmr/m/n/10.95 By plac-ing the aper-ture at
[5]
! Undefined control sequence.
l.324 \PROCEDURE
                {LiftApertures}{$e, P$}

Overfull \hbox (38.29057pt too wide) in paragraph at lines 328--329
[] []$\OML/cmm/m/it/10.95 lifted \OMS/cmsy/m/n/10.95   []\OT1/cmr/m/n/10.95 (\O
ML/cmm/m/it/10.95 ^^Ue[]:[]\OT1/cmr/m/n/10.95 (\OML/cmm/m/it/10.95 e[]; P\OT1/c
mr/m/n/10.95 )\OML/cmm/m/it/10.95 ; \OT1/cmr/m/n/10.95 [\OML/cmm/m/it/10.95 e[]
; :::; e[]\OT1/cmr/m/n/10.95 ])$
(/usr/share/texlive/texmf-dist/tex/latex/base/omscmr.fd)
! Undefined control sequence.
<recently read> \ENDPROCEDURE 
                              
l.337 \ENDPROCEDURE
                   

Underfull \hbox (badness 10000) in paragraph at lines 341--341
[]\OT1/cmr/bx/n/14.4 Information Leak-age and
[6]
Underfull \hbox (badness 2717) in paragraph at lines 429--430
[]\OT1/cmr/m/it/10.95 Without ad-di-tional con-straints, aper-ture
[7] [8]
Underfull \hbox (badness 4096) in paragraph at lines 566--567
\OT1/cmr/m/n/10.95 While aper-tures pro-vide struc-tural pri-vacy

! LaTeX Error: Environment construction undefined.

See the LaTeX manual or LaTeX Companion for explanation.
Type  H <return>  for immediate help.
 ...                                              
                                                  
l.606 \begin{construction}
                          [Oblivious Function via Hash Encoding]

Underfull \hbox (badness 10000) in paragraph at lines 611--612
[]\OT1/cmr/m/n/10.95 Compute: $[]([]) = \OML/cmm/m/it/10.95 h[]\OT1/cmr/m/n/10.
95 ([]) \OMS/cmsy/m/n/10.95 2

! LaTeX Error: \begin{document} ended by \end{construction}.

See the LaTeX manual or LaTeX Companion for explanation.
Type  H <return>  for immediate help.
 ...                                              
                                                  
l.614 \end{construction}
                        
[9]
Underfull \hbox (badness 1478) in paragraph at lines 644--645
[]\OT1/cmr/m/it/10.95 Server com-putes obliv-i-ous mul-ti-pli-ca-tion:

Underfull \hbox (badness 10000) in paragraph at lines 647--648
[]\OT1/cmr/m/it/10.95 Server com-putes obliv-i-ous ad-di-tion:

Underfull \hbox (badness 3386) in paragraph at lines 653--653
[]\OT1/cmr/bx/n/12 Composing Obliv-i-ous Bernoulli
[10]
Underfull \hbox (badness 1565) in paragraph at lines 715--716
[]\OT1/cmtt/m/n/10.95 ?federal-tax-rate-2024 \TS1/cmr/m/n/10.95 ^^Y \OT1/cmr/m/
n/10.95 0.22 (from

Underfull \hbox (badness 10000) in paragraph at lines 717--718
[]\OT1/cmtt/m/n/10.95 ?standard-deduction-2024 \TS1/cmr/m/n/10.95 ^^Y \OT1/cmr/
m/n/10.95 13,850

Underfull \hbox (badness 4699) in paragraph at lines 722--723
\OT1/cmr/m/n/10.95 We ex-tend the eval-u-a-tion se-man-tics with
! Undefined control sequence.
l.725 $$\llbracket
                   ?h \rrbracket_{\rho, \mathcal{I}} = \begin{cases}
! Undefined control sequence.
l.725 $$\llbracket ?h \rrbracket
                                _{\rho, \mathcal{I}} = \begin{cases}

Overfull \hbox (11.25183pt too wide) in paragraph at lines 753--754
[][] 

Overfull \hbox (11.25183pt too wide) in paragraph at lines 754--755
[][] 

Overfull \hbox (11.25183pt too wide) in paragraph at lines 754--755
[][] 

Overfull \hbox (11.25183pt too wide) in paragraph at lines 754--755
[][] 

Overfull \hbox (11.25183pt too wide) in paragraph at lines 754--755
[][] 

Overfull \hbox (11.25183pt too wide) in paragraph at lines 754--755
[][] 

Overfull \hbox (16.92181pt too wide) in paragraph at lines 754--755
[][] 

Overfull \hbox (11.25183pt too wide) in paragraph at lines 754--755
[][] 

Overfull \hbox (11.25183pt too wide) in paragraph at lines 754--755
[][] 

Overfull \hbox (16.92181pt too wide) in paragraph at lines 754--755
[][] 

Overfull \hbox (11.25183pt too wide) in paragraph at lines 754--755
[][] 

Overfull \hbox (5.58185pt too wide) in paragraph at lines 754--755
[]  
(/usr/share/texlive/texmf-dist/tex/latex/listings/lstlang1.sty)
(/usr/share/texlive/texmf-dist/tex/latex/listings/lstlang1.sty)
(/usr/share/texlive/texmf-dist/tex/latex/listings/lstmisc.sty) [11]
Underfull \vbox (badness 5345) has occurred while \output is active
Underfull \hbox (badness 2103) in paragraph at lines 826--827
\OT1/cmr/m/n/10.95 We com-pare aper-tures against ex-ist-ing ap-

Underfull \hbox (badness 4518) in paragraph at lines 826--827
\OT1/cmr/m/n/10.95 proaches across stan-dard privacy-preserving

Overfull \hbox (71.09334pt too wide) in paragraph at lines 831--842
 [][] 

Underfull \hbox (badness 1466) in paragraph at lines 844--845
[]\OT1/cmr/m/n/10.95 Apertures achieve near-native per-for-mance

LaTeX Warning: `h' float specifier changed to `ht'.


Overfull \hbox (20.31145pt too wide) in paragraph at lines 887--898
 [][] 

LaTeX Warning: `h' float specifier changed to `ht'.

[12]
Overfull \hbox (9.35089pt too wide) in paragraph at lines 909--920
 [][] 
[13] [14]
Underfull \hbox (badness 1107) in paragraph at lines 1035--1036
\OT1/cmr/m/n/10.95 we ap-proach privacy-preserving com-pu-ta-tion.

Underfull \hbox (badness 2205) in paragraph at lines 1040--1041
[]\OT1/cmr/bx/n/10.95 Structural Pri-vacy: \OT1/cmr/m/n/10.95 Pri-vacy can be

Underfull \hbox (badness 1472) in paragraph at lines 1044--1045
[]\OT1/cmr/bx/n/10.95 Progressive Re-fine-ment: \OT1/cmr/m/n/10.95 Multi-party

Underfull \hbox (badness 10000) in paragraph at lines 1044--1045
\OT1/cmr/m/n/10.95 pro-to-cols can be ex-pressed nat-u-rally
No file aperture.bbl.
! Undefined control sequence.
l.1064 $$\forall \rho . \llbracket
                                   e \rrbracket_{\rho[?h \mapsto v_1]} \equi...

! Undefined control sequence.
l.1064 $$\forall \rho . \llbracket e \rrbracket
                                               _{\rho[?h \mapsto v_1]} \equi...

! Undefined control sequence.
l.1064 ...to v_1]} \equiv_\text{struct} \llbracket
                                                   e \rrbracket_{\rho[?h \ma...

! Undefined control sequence.
l.1064 ...iv_\text{struct} \llbracket e \rrbracket
                                                  _{\rho[?h \mapsto v_2]}$$
! Undefined control sequence.
<recently read> \llbracket 
                           
l.1075     \item By IH, $\llbracket
                                    e_i \rrbracket_{\rho[?h \mapsto v_1]} \e...

! Undefined control sequence.
l.1075     \item By IH, $\llbracket e_i \rrbracket
                                                  _{\rho[?h \mapsto v_1]} \e...

! Double subscript.
l.1075 ...\item By IH, $\llbracket e_i \rrbracket_
                                                  {\rho[?h \mapsto v_1]} \eq...

! Undefined control sequence.
l.1075 ...to v_1]} \equiv_\text{struct} \llbracket
                                                   e_i \rrbracket_{\rho[?h \...

! Undefined control sequence.
l.1075 ..._\text{struct} \llbracket e_i \rrbracket
                                                  _{\rho[?h \mapsto v_2]}$
! Double subscript.
l.1075 ...\text{struct} \llbracket e_i \rrbracket_
                                                  {\rho[?h \mapsto v_2]}$
! Undefined control sequence.
<recently read> \llbracket 
                           
l.1077     \item Thus $\llbracket
                                  e \rrbracket$ preserves structural equival...

! Undefined control sequence.
l.1077     \item Thus $\llbracket e \rrbracket
                                              $ preserves structural equival...

! Undefined control sequence.
l.1086 $$\llbracket
                    \llbracket e \rrbracket_\rho [?h \mapsto v] \rrbracket_\...

! Undefined control sequence.
l.1086 $$\llbracket \llbracket
                               e \rrbracket_\rho [?h \mapsto v] \rrbracket_\...

! Undefined control sequence.
l.1086 $$\llbracket \llbracket e \rrbracket
                                           _\rho [?h \mapsto v] \rrbracket_\...

! Undefined control sequence.
l.1086 ...rrbracket_\rho [?h \mapsto v] \rrbracket
                                                  _\emptyset = \llbracket e[...

! Undefined control sequence.
l.1086 ...sto v] \rrbracket_\emptyset = \llbracket
                                                   e[?h \mapsto v] \rrbracke...

! Undefined control sequence.
l.1086 ... = \llbracket e[?h \mapsto v] \rrbracket
                                                  _\rho$$

Underfull \hbox (badness 1584) in paragraph at lines 1090--1091
[]\OT1/cmr/m/n/10.95 We show eval-u-a-tion and sub-sti-tu-tion
! Undefined control sequence.
<argument>  \llbracket 
                       \llbracket \text {op}(?h, e') \rrbracket _\rho [?h \m...
l.1100 \end{align}
                  
! Undefined control sequence.
<argument>  \llbracket \llbracket 
                                  \text {op}(?h, e') \rrbracket _\rho [?h \m...
l.1100 \end{align}
                  
! Undefined control sequence.
<argument> ...acket \text {op}(?h, e') \rrbracket 
                                                  _\rho [?h \mapsto v] \rrbr...
l.1100 \end{align}
                  
! Undefined control sequence.
<argument> ...ket _\rho [?h \mapsto v] \rrbracket 
                                                  _\emptyset &= \llbracket \...
l.1100 \end{align}
                  
! Undefined control sequence.
<argument> ...\rrbracket _\emptyset &= \llbracket 
                                                  \text {op}(?h, \llbracket ...
l.1100 \end{align}
                  
! Undefined control sequence.
<argument> ...llbracket \text {op}(?h, \llbracket 
                                                  e' \rrbracket _\rho )[?h \...
l.1100 \end{align}
                  
! Undefined control sequence.
<argument> ...t {op}(?h, \llbracket e' \rrbracket 
                                                  _\rho )[?h \mapsto v] \rrb...
l.1100 \end{align}
                  
! Undefined control sequence.
<argument> ...et _\rho )[?h \mapsto v] \rrbracket 
                                                  _\emptyset \\ &= \llbracke...
l.1100 \end{align}
                  
! Undefined control sequence.
<argument> ...bracket _\emptyset \\ &= \llbracket 
                                                  \text {op}(v, \llbracket e...
l.1100 \end{align}
                  
! Undefined control sequence.
<argument> ...\llbracket \text {op}(v, \llbracket 
                                                  e' \rrbracket _\rho ) \rrb...
l.1100 \end{align}
                  
! Undefined control sequence.
<argument> ...xt {op}(v, \llbracket e' \rrbracket 
                                                  _\rho ) \rrbracket _\empty...
l.1100 \end{align}
                  
! Undefined control sequence.
<argument> ...et e' \rrbracket _\rho ) \rrbracket 
                                                  _\emptyset \\ &= \delta (\...
l.1100 \end{align}
                  
! Undefined control sequence.
<argument> ...= \delta (\text {op}, v, \llbracket 
                                                  e' \rrbracket _\rho ) \\ &...
l.1100 \end{align}
                  
! Undefined control sequence.
<argument> ...t {op}, v, \llbracket e' \rrbracket 
                                                  _\rho ) \\ &= \llbracket \...
l.1100 \end{align}
                  
! Undefined control sequence.
<argument> ...\rrbracket _\rho ) \\ &= \llbracket 
                                                  \text {op}(v, e') \rrbrack...
l.1100 \end{align}
                  
! Undefined control sequence.
<argument> ...racket \text {op}(v, e') \rrbracket 
                                                  _\rho \\ &= \llbracket (\t...
l.1100 \end{align}
                  
! Undefined control sequence.
<argument> ...) \rrbracket _\rho \\ &= \llbracket 
                                                  (\text {op}(?h, e'))[?h \m...
l.1100 \end{align}
                  
! Undefined control sequence.
<argument> ...}(?h, e'))[?h \mapsto v] \rrbracket 
                                                  _\rho 
l.1100 \end{align}
                  
! Undefined control sequence.
<argument>  \llbracket 
                       \llbracket \text {op}(?h, e') \rrbracket _\rho [?h \m...
l.1100 \end{align}
                  
! Undefined control sequence.
<argument>  \llbracket \llbracket 
                                  \text {op}(?h, e') \rrbracket _\rho [?h \m...
l.1100 \end{align}
                  
! Undefined control sequence.
<argument> ...acket \text {op}(?h, e') \rrbracket 
                                                  _\rho [?h \mapsto v] \rrbr...
l.1100 \end{align}
                  
! Undefined control sequence.
<argument> ...ket _\rho [?h \mapsto v] \rrbracket 
                                                  _\emptyset &= \llbracket \...
l.1100 \end{align}
                  
! Undefined control sequence.
<argument> ...\rrbracket _\emptyset &= \llbracket 
                                                  \text {op}(?h, \llbracket ...
l.1100 \end{align}
                  
! Undefined control sequence.
<argument> ...llbracket \text {op}(?h, \llbracket 
                                                  e' \rrbracket _\rho )[?h \...
l.1100 \end{align}
                  
! Undefined control sequence.
<argument> ...t {op}(?h, \llbracket e' \rrbracket 
                                                  _\rho )[?h \mapsto v] \rrb...
l.1100 \end{align}
                  
! Undefined control sequence.
<argument> ...et _\rho )[?h \mapsto v] \rrbracket 
                                                  _\emptyset \\ &= \llbracke...
l.1100 \end{align}
                  
! Undefined control sequence.
<argument> ...bracket _\emptyset \\ &= \llbracket 
                                                  \text {op}(v, \llbracket e...
l.1100 \end{align}
                  
! Undefined control sequence.
<argument> ...\llbracket \text {op}(v, \llbracket 
                                                  e' \rrbracket _\rho ) \rrb...
l.1100 \end{align}
                  
! Undefined control sequence.
<argument> ...xt {op}(v, \llbracket e' \rrbracket 
                                                  _\rho ) \rrbracket _\empty...
l.1100 \end{align}
                  
! Undefined control sequence.
<argument> ...et e' \rrbracket _\rho ) \rrbracket 
                                                  _\emptyset \\ &= \delta (\...
l.1100 \end{align}
                  
! Undefined control sequence.
<argument> ...= \delta (\text {op}, v, \llbracket 
                                                  e' \rrbracket _\rho ) \\ &...
l.1100 \end{align}
                  
! Undefined control sequence.
<argument> ...t {op}, v, \llbracket e' \rrbracket 
                                                  _\rho ) \\ &= \llbracket \...
l.1100 \end{align}
                  
! Undefined control sequence.
<argument> ...\rrbracket _\rho ) \\ &= \llbracket 
                                                  \text {op}(v, e') \rrbrack...
l.1100 \end{align}
                  
! Undefined control sequence.
<argument> ...racket \text {op}(v, e') \rrbracket 
                                                  _\rho \\ &= \llbracket (\t...
l.1100 \end{align}
                  
! Undefined control sequence.
<argument> ...) \rrbracket _\rho \\ &= \llbracket 
                                                  (\text {op}(?h, e'))[?h \m...
l.1100 \end{align}
                  
! Undefined control sequence.
<argument> ...}(?h, e'))[?h \mapsto v] \rrbracket 
                                                  _\rho 
l.1100 \end{align}
                  
[15]
Overfull \hbox (30.94171pt too wide) in paragraph at lines 1131--1132
[][][][][][][] 

Overfull \hbox (16.92181pt too wide) in paragraph at lines 1131--1132
[][] 

Overfull \hbox (45.27173pt too wide) in paragraph at lines 1131--1132
[][] 

Overfull \hbox (16.92181pt too wide) in paragraph at lines 1131--1132
[][] 

Overfull \hbox (16.92181pt too wide) in paragraph at lines 1131--1132
[][] 

Overfull \hbox (11.25183pt too wide) in paragraph at lines 1131--1132
[]  

Overfull \hbox (30.94171pt too wide) in paragraph at lines 1134--1135
[][][][][][][] 

Overfull \hbox (36.6117pt too wide) in paragraph at lines 1137--1138
[][][][][][][] 

Overfull \hbox (28.26178pt too wide) in paragraph at lines 1140--1141
[][] 
[16] [17] (./aperture.aux)

LaTeX Warning: There were undefined references.

 )
(see the transcript file for additional information)</usr/share/texlive/texmf-d
ist/fonts/type1/public/amsfonts/cm/cmbx10.pfb></usr/share/texlive/texmf-dist/fo
nts/type1/public/amsfonts/cm/cmbx12.pfb></usr/share/texlive/texmf-dist/fonts/ty
pe1/public/amsfonts/cm/cmex10.pfb></usr/share/texlive/texmf-dist/fonts/type1/pu
blic/amsfonts/cm/cmitt10.pfb></usr/share/texlive/texmf-dist/fonts/type1/public/
amsfonts/cm/cmmi10.pfb></usr/share/texlive/texmf-dist/fonts/type1/public/amsfon
ts/cm/cmmi6.pfb></usr/share/texlive/texmf-dist/fonts/type1/public/amsfonts/cm/c
mmi8.pfb></usr/share/texlive/texmf-dist/fonts/type1/public/amsfonts/cm/cmr10.pf
b></usr/share/texlive/texmf-dist/fonts/type1/public/amsfonts/cm/cmr12.pfb></usr
/share/texlive/texmf-dist/fonts/type1/public/amsfonts/cm/cmr17.pfb></usr/share/
texlive/texmf-dist/fonts/type1/public/amsfonts/cm/cmr6.pfb></usr/share/texlive/
texmf-dist/fonts/type1/public/amsfonts/cm/cmr8.pfb></usr/share/texlive/texmf-di
st/fonts/type1/public/amsfonts/cm/cmr9.pfb></usr/share/texlive/texmf-dist/fonts
/type1/public/amsfonts/cm/cmss10.pfb></usr/share/texlive/texmf-dist/fonts/type1
/public/amsfonts/cm/cmsy10.pfb></usr/share/texlive/texmf-dist/fonts/type1/publi
c/amsfonts/cm/cmsy8.pfb></usr/share/texlive/texmf-dist/fonts/type1/public/amsfo
nts/cm/cmti10.pfb></usr/share/texlive/texmf-dist/fonts/type1/public/amsfonts/cm
/cmti8.pfb></usr/share/texlive/texmf-dist/fonts/type1/public/amsfonts/cm/cmtt10
.pfb></usr/share/texlive/texmf-dist/fonts/type1/public/amsfonts/cm/cmtt12.pfb><
/usr/share/texlive/texmf-dist/fonts/type1/public/amsfonts/cm/cmtt9.pfb></usr/sh
are/texlive/texmf-dist/fonts/type1/public/amsfonts/symbols/msbm10.pfb></usr/sha
re/texmf/fonts/type1/public/cm-super/sfrm1095.pfb>
Output written on aperture.pdf (17 pages, 378446 bytes).
Transcript written on aperture.log.
